<?xml version="1.0" encoding="UTF-8"?>
<!-- Generated by org.testng.reporters.JUnitReportReporter -->
<testsuite skipped="0" hostname="lenovo" name="com.google.testtask.GMailSendLetterTest" tests="1" failures="0" timestamp="15 мар 2018 08:56:24 GMT" time="0.119" errors="0">
  <testcase name="shouldGetLetterElementAndGetItTextWhenWebElementIsValid" time="0.119" classname="com.google.testtask.GMailSendLetterTest"/>
</testsuite> <!-- com.google.testtask.GMailSendLetterTest -->
